<?xml version="1.0" encoding="UTF-8"?>
<!-- Generated by org.testng.reporters.JUnitXMLReporter -->
<testsuite ignored="0" hostname="DESKTOP-653N01I" failures="0" tests="5" name="Surefire test" time="35.665" errors="0" timestamp="2021-09-29T15:37:48 IST">
  <testcase classname="tests.LoginTest" name="loginWithValidCredentials" time="1.638"/>
  <testcase classname="tests.LoginTest" name="loginWithInvalidEmailAndValidPassword" time="1.527"/>
  <testcase classname="tests.LoginTest" name="loginWithValidEmailAndInvalidPassword" time="1.307"/>
  <testcase classname="tests.RegisterTest" name="registerWithAllDetails" time="3.035"/>
  <testcase classname="tests.RegisterTest" name="registerWithOnlyMandatoryFields" time="2.795"/>
</testsuite> <!-- Surefire test -->
