<?xml version="1.0" encoding="UTF-8"?>
<!-- Generated by org.testng.reporters.JUnitXMLReporter -->
<testsuite ignored="0" hostname="DESKTOP-653N01I" failures="0" tests="5" name="Test" time="35.69" errors="0" timestamp="2021-09-29T15:32:07 IST">
  <testcase classname="tests.RegisterTest" name="registerWithAllDetails" time="3.019"/>
  <testcase classname="tests.RegisterTest" name="registerWithOnlyMandatoryFields" time="2.358"/>
  <testcase classname="tests.LoginTest" name="loginWithValidCredentials" time="1.643"/>
  <testcase classname="tests.LoginTest" name="loginWithInvalidEmailAndValidPassword" time="1.628"/>
  <testcase classname="tests.LoginTest" name="loginWithValidEmailAndInvalidPassword" time="1.598"/>
</testsuite> <!-- Test -->
