<?xml version="1.0" encoding="UTF-8"?>
<!-- Generated by org.testng.reporters.JUnitXMLReporter -->
<testsuite ignored="0" hostname="DESKTOP-653N01I" failures="0" tests="5" name="Test" time="44.454" errors="0" timestamp="2021-09-29T15:50:36 IST">
  <testcase classname="tests.RegisterTest" name="registerWithAllDetails" time="3.487"/>
  <testcase classname="tests.RegisterTest" name="registerWithOnlyMandatoryFields" time="3.288"/>
  <testcase classname="tests.LoginTest" name="loginWithValidCredentials" time="2.307"/>
  <testcase classname="tests.LoginTest" name="loginWithInvalidEmailAndValidPassword" time="1.472"/>
  <testcase classname="tests.LoginTest" name="loginWithValidEmailAndInvalidPassword" time="1.436"/>
</testsuite> <!-- Test -->
