<?xml version="1.0" encoding="UTF-8"?>
<testng-results ignored="0" total="5" passed="5" failed="0" skipped="0">
  <reporter-output>
  </reporter-output>
  <suite started-at="2021-09-29T15:49:51 IST" name="Suite" finished-at="2021-09-29T15:50:36 IST" duration-ms="44454">
    <groups>
    </groups>
    <test started-at="2021-09-29T15:49:51 IST" name="Test" finished-at="2021-09-29T15:50:36 IST" duration-ms="44454">
      <class name="tests.LoginTest">
        <test-method is-config="true" signature="setup()[pri:0, instance:tests.LoginTest@a3d8174]" started-at="2021-09-29T15:50:07 IST" name="setup" finished-at="2021-09-29T15:50:11 IST" duration-ms="3678" status="PASS">
          <reporter-output>
          </reporter-output>
        </test-method> <!-- setup -->
        <test-method signature="loginWithValidCredentials()[pri:1, instance:tests.LoginTest@a3d8174]" started-at="2021-09-29T15:50:11 IST" name="loginWithValidCredentials" finished-at="2021-09-29T15:50:13 IST" duration-ms="2307" status="PASS">
          <reporter-output>
          </reporter-output>
        </test-method> <!-- loginWithValidCredentials -->
        <test-method is-config="true" signature="tearDown()[pri:0, instance:tests.LoginTest@a3d8174]" started-at="2021-09-29T15:50:13 IST" name="tearDown" finished-at="2021-09-29T15:50:14 IST" duration-ms="241" status="PASS">
          <reporter-output>
          </reporter-output>
        </test-method> <!-- tearDown -->
        <test-method is-config="true" signature="setup()[pri:0, instance:tests.LoginTest@a3d8174]" started-at="2021-09-29T15:50:14 IST" name="setup" finished-at="2021-09-29T15:50:28 IST" duration-ms="14709" status="PASS">
          <reporter-output>
          </reporter-output>
        </test-method> <!-- setup -->
        <test-method signature="loginWithInvalidEmailAndValidPassword()[pri:2, instance:tests.LoginTest@a3d8174]" started-at="2021-09-29T15:50:28 IST" name="loginWithInvalidEmailAndValidPassword" finished-at="2021-09-29T15:50:30 IST" duration-ms="1472" status="PASS">
          <reporter-output>
          </reporter-output>
        </test-method> <!-- loginWithInvalidEmailAndValidPassword -->
        <test-method is-config="true" signature="tearDown()[pri:0, instance:tests.LoginTest@a3d8174]" started-at="2021-09-29T15:50:30 IST" name="tearDown" finished-at="2021-09-29T15:50:30 IST" duration-ms="185" status="PASS">
          <reporter-output>
          </reporter-output>
        </test-method> <!-- tearDown -->
        <test-method is-config="true" signature="setup()[pri:0, instance:tests.LoginTest@a3d8174]" started-at="2021-09-29T15:50:30 IST" name="setup" finished-at="2021-09-29T15:50:34 IST" duration-ms="3853" status="PASS">
          <reporter-output>
          </reporter-output>
        </test-method> <!-- setup -->
        <test-method signature="loginWithValidEmailAndInvalidPassword()[pri:3, instance:tests.LoginTest@a3d8174]" started-at="2021-09-29T15:50:34 IST" name="loginWithValidEmailAndInvalidPassword" finished-at="2021-09-29T15:50:35 IST" duration-ms="1436" status="PASS">
          <reporter-output>
          </reporter-output>
        </test-method> <!-- loginWithValidEmailAndInvalidPassword -->
        <test-method is-config="true" signature="tearDown()[pri:0, instance:tests.LoginTest@a3d8174]" started-at="2021-09-29T15:50:35 IST" name="tearDown" finished-at="2021-09-29T15:50:36 IST" duration-ms="226" status="PASS">
          <reporter-output>
          </reporter-output>
        </test-method> <!-- tearDown -->
      </class> <!-- tests.LoginTest -->
      <class name="tests.RegisterTest">
        <test-method is-config="true" signature="setup()[pri:0, instance:tests.RegisterTest@5136d012]" started-at="2021-09-29T15:49:51 IST" name="setup" finished-at="2021-09-29T15:49:56 IST" duration-ms="5328" status="PASS">
          <reporter-output>
          </reporter-output>
        </test-method> <!-- setup -->
        <test-method signature="registerWithAllDetails()[pri:1, instance:tests.RegisterTest@5136d012]" started-at="2021-09-29T15:49:56 IST" name="registerWithAllDetails" finished-at="2021-09-29T15:50:00 IST" duration-ms="3487" status="PASS">
          <reporter-output>
          </reporter-output>
        </test-method> <!-- registerWithAllDetails -->
        <test-method is-config="true" signature="tearDown()[pri:0, instance:tests.RegisterTest@5136d012]" started-at="2021-09-29T15:50:00 IST" name="tearDown" finished-at="2021-09-29T15:50:00 IST" duration-ms="223" status="PASS">
          <reporter-output>
          </reporter-output>
        </test-method> <!-- tearDown -->
        <test-method is-config="true" signature="setup()[pri:0, instance:tests.RegisterTest@5136d012]" started-at="2021-09-29T15:50:00 IST" name="setup" finished-at="2021-09-29T15:50:04 IST" duration-ms="3769" status="PASS">
          <reporter-output>
          </reporter-output>
        </test-method> <!-- setup -->
        <test-method signature="registerWithOnlyMandatoryFields()[pri:2, instance:tests.RegisterTest@5136d012]" started-at="2021-09-29T15:50:04 IST" name="registerWithOnlyMandatoryFields" finished-at="2021-09-29T15:50:07 IST" duration-ms="3288" status="PASS">
          <reporter-output>
          </reporter-output>
        </test-method> <!-- registerWithOnlyMandatoryFields -->
        <test-method is-config="true" signature="tearDown()[pri:0, instance:tests.RegisterTest@5136d012]" started-at="2021-09-29T15:50:07 IST" name="tearDown" finished-at="2021-09-29T15:50:07 IST" duration-ms="135" status="PASS">
          <reporter-output>
          </reporter-output>
        </test-method> <!-- tearDown -->
      </class> <!-- tests.RegisterTest -->
    </test> <!-- Test -->
  </suite> <!-- Suite -->
</testng-results>
