<?xml version="1.0" encoding="UTF-8"?>
<testng-results ignored="0" total="5" passed="5" failed="0" skipped="0">
  <reporter-output>
  </reporter-output>
  <suite started-at="2021-09-29T15:31:31 IST" name="Suite" finished-at="2021-09-29T15:32:06 IST" duration-ms="35690">
    <groups>
    </groups>
    <test started-at="2021-09-29T15:31:31 IST" name="Test" finished-at="2021-09-29T15:32:06 IST" duration-ms="35690">
      <class name="tests.LoginTest">
        <test-method is-config="true" signature="setup()[pri:0, instance:tests.LoginTest@3232a28a]" started-at="2021-09-29T15:31:51 IST" name="setup" finished-at="2021-09-29T15:31:54 IST" duration-ms="3488" status="PASS">
          <reporter-output>
          </reporter-output>
        </test-method> <!-- setup -->
        <test-method signature="loginWithValidCredentials()[pri:1, instance:tests.LoginTest@3232a28a]" started-at="2021-09-29T15:31:54 IST" name="loginWithValidCredentials" finished-at="2021-09-29T15:31:56 IST" duration-ms="1643" status="PASS">
          <reporter-output>
          </reporter-output>
        </test-method> <!-- loginWithValidCredentials -->
        <test-method is-config="true" signature="tearDown()[pri:0, instance:tests.LoginTest@3232a28a]" started-at="2021-09-29T15:31:56 IST" name="tearDown" finished-at="2021-09-29T15:31:56 IST" duration-ms="136" status="PASS">
          <reporter-output>
          </reporter-output>
        </test-method> <!-- tearDown -->
        <test-method is-config="true" signature="setup()[pri:0, instance:tests.LoginTest@3232a28a]" started-at="2021-09-29T15:31:56 IST" name="setup" finished-at="2021-09-29T15:32:00 IST" duration-ms="3428" status="PASS">
          <reporter-output>
          </reporter-output>
        </test-method> <!-- setup -->
        <test-method signature="loginWithInvalidEmailAndValidPassword()[pri:2, instance:tests.LoginTest@3232a28a]" started-at="2021-09-29T15:32:00 IST" name="loginWithInvalidEmailAndValidPassword" finished-at="2021-09-29T15:32:01 IST" duration-ms="1628" status="PASS">
          <reporter-output>
          </reporter-output>
        </test-method> <!-- loginWithInvalidEmailAndValidPassword -->
        <test-method is-config="true" signature="tearDown()[pri:0, instance:tests.LoginTest@3232a28a]" started-at="2021-09-29T15:32:01 IST" name="tearDown" finished-at="2021-09-29T15:32:01 IST" duration-ms="144" status="PASS">
          <reporter-output>
          </reporter-output>
        </test-method> <!-- tearDown -->
        <test-method is-config="true" signature="setup()[pri:0, instance:tests.LoginTest@3232a28a]" started-at="2021-09-29T15:32:01 IST" name="setup" finished-at="2021-09-29T15:32:05 IST" duration-ms="3223" status="PASS">
          <reporter-output>
          </reporter-output>
        </test-method> <!-- setup -->
        <test-method signature="loginWithValidEmailAndInvalidPassword()[pri:3, instance:tests.LoginTest@3232a28a]" started-at="2021-09-29T15:32:05 IST" name="loginWithValidEmailAndInvalidPassword" finished-at="2021-09-29T15:32:06 IST" duration-ms="1598" status="PASS">
          <reporter-output>
          </reporter-output>
        </test-method> <!-- loginWithValidEmailAndInvalidPassword -->
        <test-method is-config="true" signature="tearDown()[pri:0, instance:tests.LoginTest@3232a28a]" started-at="2021-09-29T15:32:06 IST" name="tearDown" finished-at="2021-09-29T15:32:06 IST" duration-ms="113" status="PASS">
          <reporter-output>
          </reporter-output>
        </test-method> <!-- tearDown -->
      </class> <!-- tests.LoginTest -->
      <class name="tests.RegisterTest">
        <test-method is-config="true" signature="setup()[pri:0, instance:tests.RegisterTest@6a84a97d]" started-at="2021-09-29T15:31:31 IST" name="setup" finished-at="2021-09-29T15:31:36 IST" duration-ms="4811" status="PASS">
          <reporter-output>
          </reporter-output>
        </test-method> <!-- setup -->
        <test-method signature="registerWithAllDetails()[pri:1, instance:tests.RegisterTest@6a84a97d]" started-at="2021-09-29T15:31:36 IST" name="registerWithAllDetails" finished-at="2021-09-29T15:31:39 IST" duration-ms="3019" status="PASS">
          <reporter-output>
          </reporter-output>
        </test-method> <!-- registerWithAllDetails -->
        <test-method is-config="true" signature="tearDown()[pri:0, instance:tests.RegisterTest@6a84a97d]" started-at="2021-09-29T15:31:39 IST" name="tearDown" finished-at="2021-09-29T15:31:39 IST" duration-ms="168" status="PASS">
          <reporter-output>
          </reporter-output>
        </test-method> <!-- tearDown -->
        <test-method is-config="true" signature="setup()[pri:0, instance:tests.RegisterTest@6a84a97d]" started-at="2021-09-29T15:31:39 IST" name="setup" finished-at="2021-09-29T15:31:49 IST" duration-ms="9695" status="PASS">
          <reporter-output>
          </reporter-output>
        </test-method> <!-- setup -->
        <test-method signature="registerWithOnlyMandatoryFields()[pri:2, instance:tests.RegisterTest@6a84a97d]" started-at="2021-09-29T15:31:49 IST" name="registerWithOnlyMandatoryFields" finished-at="2021-09-29T15:31:51 IST" duration-ms="2358" status="PASS">
          <reporter-output>
          </reporter-output>
        </test-method> <!-- registerWithOnlyMandatoryFields -->
        <test-method is-config="true" signature="tearDown()[pri:0, instance:tests.RegisterTest@6a84a97d]" started-at="2021-09-29T15:31:51 IST" name="tearDown" finished-at="2021-09-29T15:31:51 IST" duration-ms="111" status="PASS">
          <reporter-output>
          </reporter-output>
        </test-method> <!-- tearDown -->
      </class> <!-- tests.RegisterTest -->
    </test> <!-- Test -->
  </suite> <!-- Suite -->
</testng-results>
